  GamePlayScene.cpp
C:\Users\K020G1204\Documents\GameGameGame\仮β(改)\Game\Scene\GamePlayScene.cpp(80,38): warning C4244: '=': 'double' から 'float' への変換です。データが失われる可能性があります。
C:\Users\K020G1204\Documents\GameGameGame\仮β(改)\Game\Scene\GamePlayScene.cpp(82,38): warning C4244: '=': 'double' から 'float' への変換です。データが失われる可能性があります。
C:\Users\K020G1204\Documents\GameGameGame\仮β(改)\Game\Scene\GamePlayScene.cpp(180,71): warning C4244: '引数': 'double' から 'float' への変換です。データが失われる可能性があります。
C:\Users\K020G1204\Documents\GameGameGame\仮β(改)\Game\Scene\GamePlayScene.cpp(215,54): warning C4244: '+=': 'double' から 'float' への変換です。データが失われる可能性があります。
C:\Users\K020G1204\Documents\GameGameGame\仮β(改)\Game\Scene\GamePlayScene.cpp(216,54): warning C4244: '+=': 'double' から 'float' への変換です。データが失われる可能性があります。
C:\Users\K020G1204\Documents\GameGameGame\仮β(改)\Game\Scene\GamePlayScene.cpp(220,54): warning C4244: '-=': 'double' から 'float' への変換です。データが失われる可能性があります。
C:\Users\K020G1204\Documents\GameGameGame\仮β(改)\Game\Scene\GamePlayScene.cpp(221,54): warning C4244: '-=': 'double' から 'float' への変換です。データが失われる可能性があります。
C:\Users\K020G1204\Documents\GameGameGame\仮β(改)\Game\Scene\GamePlayScene.cpp(226,47): warning C4244: '+=': 'double' から 'float' への変換です。データが失われる可能性があります。
C:\Users\K020G1204\Documents\GameGameGame\仮β(改)\Game\Scene\GamePlayScene.cpp(227,47): warning C4244: '+=': 'double' から 'float' への変換です。データが失われる可能性があります。
C:\Users\K020G1204\Documents\GameGameGame\仮β(改)\Game\Scene\GamePlayScene.cpp(231,47): warning C4244: '-=': 'double' から 'float' への変換です。データが失われる可能性があります。
C:\Users\K020G1204\Documents\GameGameGame\仮β(改)\Game\Scene\GamePlayScene.cpp(232,47): warning C4244: '-=': 'double' から 'float' への変換です。データが失われる可能性があります。
C:\Users\K020G1204\Documents\GameGameGame\仮β(改)\Game\Scene\GamePlayScene.cpp(705,47): warning C4244: '+=': 'double' から 'float' への変換です。データが失われる可能性があります。
C:\Users\K020G1204\Documents\GameGameGame\仮β(改)\Game\Scene\GamePlayScene.cpp(706,47): warning C4244: '+=': 'double' から 'float' への変換です。データが失われる可能性があります。
C:\Users\K020G1204\Documents\GameGameGame\仮β(改)\Game\Scene\GamePlayScene.cpp(2665,40): warning C4244: '=': 'double' から 'float' への変換です。データが失われる可能性があります。
C:\Users\K020G1204\Documents\GameGameGame\仮β(改)\Game\Scene\GamePlayScene.cpp(2667,40): warning C4244: '=': 'double' から 'float' への変換です。データが失われる可能性があります。
C:\Users\K020G1204\Documents\GameGameGame\仮β(改)\Game\Scene\GamePlayScene.cpp(2671,49): warning C4244: '-=': 'double' から 'float' への変換です。データが失われる可能性があります。
C:\Users\K020G1204\Documents\GameGameGame\仮β(改)\Game\Scene\GamePlayScene.cpp(2672,49): warning C4244: '-=': 'double' から 'float' への変換です。データが失われる可能性があります。
C:\Users\K020G1204\Documents\GameGameGame\仮β(改)\Game\Scene\GamePlayScene.cpp(2705,40): warning C4244: '=': 'double' から 'float' への変換です。データが失われる可能性があります。
C:\Users\K020G1204\Documents\GameGameGame\仮β(改)\Game\Scene\GamePlayScene.cpp(2707,40): warning C4244: '=': 'double' から 'float' への変換です。データが失われる可能性があります。
C:\Users\K020G1204\Documents\GameGameGame\仮β(改)\Game\Scene\GamePlayScene.cpp(2711,49): warning C4244: '-=': 'double' から 'float' への変換です。データが失われる可能性があります。
C:\Users\K020G1204\Documents\GameGameGame\仮β(改)\Game\Scene\GamePlayScene.cpp(2712,49): warning C4244: '-=': 'double' から 'float' への変換です。データが失われる可能性があります。
C:\Users\K020G1204\Documents\GameGameGame\仮β(改)\Game\Scene\GamePlayScene.cpp(2742,40): warning C4244: '=': 'double' から 'float' への変換です。データが失われる可能性があります。
C:\Users\K020G1204\Documents\GameGameGame\仮β(改)\Game\Scene\GamePlayScene.cpp(2744,40): warning C4244: '=': 'double' から 'float' への変換です。データが失われる可能性があります。
C:\Users\K020G1204\Documents\GameGameGame\仮β(改)\Game\Scene\GamePlayScene.cpp(2748,49): warning C4244: '-=': 'double' から 'float' への変換です。データが失われる可能性があります。
C:\Users\K020G1204\Documents\GameGameGame\仮β(改)\Game\Scene\GamePlayScene.cpp(2749,49): warning C4244: '-=': 'double' から 'float' への変換です。データが失われる可能性があります。
C:\Users\K020G1204\Documents\GameGameGame\仮β(改)\Game\Scene\GamePlayScene.cpp(2779,40): warning C4244: '=': 'double' から 'float' への変換です。データが失われる可能性があります。
C:\Users\K020G1204\Documents\GameGameGame\仮β(改)\Game\Scene\GamePlayScene.cpp(2781,40): warning C4244: '=': 'double' から 'float' への変換です。データが失われる可能性があります。
C:\Users\K020G1204\Documents\GameGameGame\仮β(改)\Game\Scene\GamePlayScene.cpp(2785,49): warning C4244: '-=': 'double' から 'float' への変換です。データが失われる可能性があります。
C:\Users\K020G1204\Documents\GameGameGame\仮β(改)\Game\Scene\GamePlayScene.cpp(2786,49): warning C4244: '-=': 'double' から 'float' への変換です。データが失われる可能性があります。
C:\Users\K020G1204\Documents\GameGameGame\仮β(改)\Game\Scene\GamePlayScene.cpp(2816,40): warning C4244: '=': 'double' から 'float' への変換です。データが失われる可能性があります。
C:\Users\K020G1204\Documents\GameGameGame\仮β(改)\Game\Scene\GamePlayScene.cpp(2818,40): warning C4244: '=': 'double' から 'float' への変換です。データが失われる可能性があります。
C:\Users\K020G1204\Documents\GameGameGame\仮β(改)\Game\Scene\GamePlayScene.cpp(2822,49): warning C4244: '-=': 'double' から 'float' への変換です。データが失われる可能性があります。
C:\Users\K020G1204\Documents\GameGameGame\仮β(改)\Game\Scene\GamePlayScene.cpp(2823,49): warning C4244: '-=': 'double' から 'float' への変換です。データが失われる可能性があります。
C:\Users\K020G1204\Documents\GameGameGame\仮β(改)\Game\Scene\GamePlayScene.cpp(2853,40): warning C4244: '=': 'double' から 'float' への変換です。データが失われる可能性があります。
C:\Users\K020G1204\Documents\GameGameGame\仮β(改)\Game\Scene\GamePlayScene.cpp(2855,40): warning C4244: '=': 'double' から 'float' への変換です。データが失われる可能性があります。
C:\Users\K020G1204\Documents\GameGameGame\仮β(改)\Game\Scene\GamePlayScene.cpp(2859,49): warning C4244: '-=': 'double' から 'float' への変換です。データが失われる可能性があります。
C:\Users\K020G1204\Documents\GameGameGame\仮β(改)\Game\Scene\GamePlayScene.cpp(2860,49): warning C4244: '-=': 'double' から 'float' への変換です。データが失われる可能性があります。
C:\Users\K020G1204\Documents\GameGameGame\仮β(改)\Game\Scene\GamePlayScene.cpp(2890,40): warning C4244: '=': 'double' から 'float' への変換です。データが失われる可能性があります。
C:\Users\K020G1204\Documents\GameGameGame\仮β(改)\Game\Scene\GamePlayScene.cpp(2892,40): warning C4244: '=': 'double' から 'float' への変換です。データが失われる可能性があります。
C:\Users\K020G1204\Documents\GameGameGame\仮β(改)\Game\Scene\GamePlayScene.cpp(2896,49): warning C4244: '-=': 'double' から 'float' への変換です。データが失われる可能性があります。
C:\Users\K020G1204\Documents\GameGameGame\仮β(改)\Game\Scene\GamePlayScene.cpp(2897,49): warning C4244: '-=': 'double' から 'float' への変換です。データが失われる可能性があります。
C:\Users\K020G1204\Documents\GameGameGame\仮β(改)\Game\Scene\GamePlayScene.cpp(2927,40): warning C4244: '=': 'double' から 'float' への変換です。データが失われる可能性があります。
C:\Users\K020G1204\Documents\GameGameGame\仮β(改)\Game\Scene\GamePlayScene.cpp(2929,40): warning C4244: '=': 'double' から 'float' への変換です。データが失われる可能性があります。
C:\Users\K020G1204\Documents\GameGameGame\仮β(改)\Game\Scene\GamePlayScene.cpp(2933,49): warning C4244: '-=': 'double' から 'float' への変換です。データが失われる可能性があります。
C:\Users\K020G1204\Documents\GameGameGame\仮β(改)\Game\Scene\GamePlayScene.cpp(2934,49): warning C4244: '-=': 'double' から 'float' への変換です。データが失われる可能性があります。
C:\Users\K020G1204\Documents\GameGameGame\仮β(改)\Game\Scene\GamePlayScene.cpp(2964,40): warning C4244: '=': 'double' から 'float' への変換です。データが失われる可能性があります。
C:\Users\K020G1204\Documents\GameGameGame\仮β(改)\Game\Scene\GamePlayScene.cpp(2966,40): warning C4244: '=': 'double' から 'float' への変換です。データが失われる可能性があります。
C:\Users\K020G1204\Documents\GameGameGame\仮β(改)\Game\Scene\GamePlayScene.cpp(2970,49): warning C4244: '-=': 'double' から 'float' への変換です。データが失われる可能性があります。
C:\Users\K020G1204\Documents\GameGameGame\仮β(改)\Game\Scene\GamePlayScene.cpp(2971,49): warning C4244: '-=': 'double' から 'float' への変換です。データが失われる可能性があります。
C:\Users\K020G1204\Documents\GameGameGame\仮β(改)\Game\Scene\GamePlayScene.cpp(3001,40): warning C4244: '=': 'double' から 'float' への変換です。データが失われる可能性があります。
C:\Users\K020G1204\Documents\GameGameGame\仮β(改)\Game\Scene\GamePlayScene.cpp(3003,40): warning C4244: '=': 'double' から 'float' への変換です。データが失われる可能性があります。
C:\Users\K020G1204\Documents\GameGameGame\仮β(改)\Game\Scene\GamePlayScene.cpp(3007,49): warning C4244: '-=': 'double' から 'float' への変換です。データが失われる可能性があります。
C:\Users\K020G1204\Documents\GameGameGame\仮β(改)\Game\Scene\GamePlayScene.cpp(3008,49): warning C4244: '-=': 'double' から 'float' への変換です。データが失われる可能性があります。
C:\Users\K020G1204\Documents\GameGameGame\仮β(改)\Game\Scene\GamePlayScene.cpp(3038,40): warning C4244: '=': 'double' から 'float' への変換です。データが失われる可能性があります。
C:\Users\K020G1204\Documents\GameGameGame\仮β(改)\Game\Scene\GamePlayScene.cpp(3040,40): warning C4244: '=': 'double' から 'float' への変換です。データが失われる可能性があります。
C:\Users\K020G1204\Documents\GameGameGame\仮β(改)\Game\Scene\GamePlayScene.cpp(3044,49): warning C4244: '-=': 'double' から 'float' への変換です。データが失われる可能性があります。
C:\Users\K020G1204\Documents\GameGameGame\仮β(改)\Game\Scene\GamePlayScene.cpp(3045,49): warning C4244: '-=': 'double' から 'float' への変換です。データが失われる可能性があります。
C:\Users\K020G1204\Documents\GameGameGame\仮β(改)\Game\Scene\GamePlayScene.cpp(3075,40): warning C4244: '=': 'double' から 'float' への変換です。データが失われる可能性があります。
C:\Users\K020G1204\Documents\GameGameGame\仮β(改)\Game\Scene\GamePlayScene.cpp(3077,40): warning C4244: '=': 'double' から 'float' への変換です。データが失われる可能性があります。
C:\Users\K020G1204\Documents\GameGameGame\仮β(改)\Game\Scene\GamePlayScene.cpp(3081,49): warning C4244: '-=': 'double' から 'float' への変換です。データが失われる可能性があります。
C:\Users\K020G1204\Documents\GameGameGame\仮β(改)\Game\Scene\GamePlayScene.cpp(3082,49): warning C4244: '-=': 'double' から 'float' への変換です。データが失われる可能性があります。
C:\Users\K020G1204\Documents\GameGameGame\仮β(改)\Game\Scene\GamePlayScene.cpp(3112,40): warning C4244: '=': 'double' から 'float' への変換です。データが失われる可能性があります。
C:\Users\K020G1204\Documents\GameGameGame\仮β(改)\Game\Scene\GamePlayScene.cpp(3114,40): warning C4244: '=': 'double' から 'float' への変換です。データが失われる可能性があります。
C:\Users\K020G1204\Documents\GameGameGame\仮β(改)\Game\Scene\GamePlayScene.cpp(3118,49): warning C4244: '-=': 'double' から 'float' への変換です。データが失われる可能性があります。
C:\Users\K020G1204\Documents\GameGameGame\仮β(改)\Game\Scene\GamePlayScene.cpp(3119,49): warning C4244: '-=': 'double' から 'float' への変換です。データが失われる可能性があります。
C:\Users\K020G1204\Documents\GameGameGame\仮β(改)\Game\Scene\GamePlayScene.cpp(3150,40): warning C4244: '=': 'double' から 'float' への変換です。データが失われる可能性があります。
C:\Users\K020G1204\Documents\GameGameGame\仮β(改)\Game\Scene\GamePlayScene.cpp(3152,40): warning C4244: '=': 'double' から 'float' への変換です。データが失われる可能性があります。
C:\Users\K020G1204\Documents\GameGameGame\仮β(改)\Game\Scene\GamePlayScene.cpp(3156,49): warning C4244: '-=': 'double' から 'float' への変換です。データが失われる可能性があります。
C:\Users\K020G1204\Documents\GameGameGame\仮β(改)\Game\Scene\GamePlayScene.cpp(3157,49): warning C4244: '-=': 'double' から 'float' への変換です。データが失われる可能性があります。
C:\Users\K020G1204\Documents\GameGameGame\仮β(改)\Game\Scene\GamePlayScene.cpp(3186,40): warning C4244: '=': 'double' から 'float' への変換です。データが失われる可能性があります。
C:\Users\K020G1204\Documents\GameGameGame\仮β(改)\Game\Scene\GamePlayScene.cpp(3188,40): warning C4244: '=': 'double' から 'float' への変換です。データが失われる可能性があります。
C:\Users\K020G1204\Documents\GameGameGame\仮β(改)\Game\Scene\GamePlayScene.cpp(3192,49): warning C4244: '-=': 'double' から 'float' への変換です。データが失われる可能性があります。
C:\Users\K020G1204\Documents\GameGameGame\仮β(改)\Game\Scene\GamePlayScene.cpp(3193,49): warning C4244: '-=': 'double' から 'float' への変換です。データが失われる可能性があります。
C:\Users\K020G1204\Documents\GameGameGame\仮β(改)\Game\Scene\GamePlayScene.cpp(3223,40): warning C4244: '=': 'double' から 'float' への変換です。データが失われる可能性があります。
C:\Users\K020G1204\Documents\GameGameGame\仮β(改)\Game\Scene\GamePlayScene.cpp(3225,40): warning C4244: '=': 'double' から 'float' への変換です。データが失われる可能性があります。
C:\Users\K020G1204\Documents\GameGameGame\仮β(改)\Game\Scene\GamePlayScene.cpp(3229,49): warning C4244: '-=': 'double' から 'float' への変換です。データが失われる可能性があります。
C:\Users\K020G1204\Documents\GameGameGame\仮β(改)\Game\Scene\GamePlayScene.cpp(3230,49): warning C4244: '-=': 'double' から 'float' への変換です。データが失われる可能性があります。
C:\Users\K020G1204\Documents\GameGameGame\仮β(改)\Game\Scene\GamePlayScene.cpp(3259,40): warning C4244: '=': 'double' から 'float' への変換です。データが失われる可能性があります。
C:\Users\K020G1204\Documents\GameGameGame\仮β(改)\Game\Scene\GamePlayScene.cpp(3261,40): warning C4244: '=': 'double' から 'float' への変換です。データが失われる可能性があります。
C:\Users\K020G1204\Documents\GameGameGame\仮β(改)\Game\Scene\GamePlayScene.cpp(3265,49): warning C4244: '-=': 'double' から 'float' への変換です。データが失われる可能性があります。
C:\Users\K020G1204\Documents\GameGameGame\仮β(改)\Game\Scene\GamePlayScene.cpp(3266,49): warning C4244: '-=': 'double' から 'float' への変換です。データが失われる可能性があります。
C:\Users\K020G1204\Documents\GameGameGame\仮β(改)\Game\Scene\GamePlayScene.cpp(3295,40): warning C4244: '=': 'double' から 'float' への変換です。データが失われる可能性があります。
C:\Users\K020G1204\Documents\GameGameGame\仮β(改)\Game\Scene\GamePlayScene.cpp(3297,40): warning C4244: '=': 'double' から 'float' への変換です。データが失われる可能性があります。
C:\Users\K020G1204\Documents\GameGameGame\仮β(改)\Game\Scene\GamePlayScene.cpp(3301,49): warning C4244: '-=': 'double' から 'float' への変換です。データが失われる可能性があります。
C:\Users\K020G1204\Documents\GameGameGame\仮β(改)\Game\Scene\GamePlayScene.cpp(3302,49): warning C4244: '-=': 'double' から 'float' への変換です。データが失われる可能性があります。
C:\Users\K020G1204\Documents\GameGameGame\仮β(改)\Game\Scene\GamePlayScene.cpp(3331,40): warning C4244: '=': 'double' から 'float' への変換です。データが失われる可能性があります。
C:\Users\K020G1204\Documents\GameGameGame\仮β(改)\Game\Scene\GamePlayScene.cpp(3333,40): warning C4244: '=': 'double' から 'float' への変換です。データが失われる可能性があります。
C:\Users\K020G1204\Documents\GameGameGame\仮β(改)\Game\Scene\GamePlayScene.cpp(3337,49): warning C4244: '-=': 'double' から 'float' への変換です。データが失われる可能性があります。
C:\Users\K020G1204\Documents\GameGameGame\仮β(改)\Game\Scene\GamePlayScene.cpp(3338,49): warning C4244: '-=': 'double' から 'float' への変換です。データが失われる可能性があります。
C:\Users\K020G1204\Documents\GameGameGame\仮β(改)\Game\Scene\GamePlayScene.cpp(3367,40): warning C4244: '=': 'double' から 'float' への変換です。データが失われる可能性があります。
C:\Users\K020G1204\Documents\GameGameGame\仮β(改)\Game\Scene\GamePlayScene.cpp(3369,40): warning C4244: '=': 'double' から 'float' への変換です。データが失われる可能性があります。
C:\Users\K020G1204\Documents\GameGameGame\仮β(改)\Game\Scene\GamePlayScene.cpp(3373,49): warning C4244: '-=': 'double' から 'float' への変換です。データが失われる可能性があります。
C:\Users\K020G1204\Documents\GameGameGame\仮β(改)\Game\Scene\GamePlayScene.cpp(3374,49): warning C4244: '-=': 'double' から 'float' への変換です。データが失われる可能性があります。
C:\Users\K020G1204\Documents\GameGameGame\仮β(改)\Game\Scene\GamePlayScene.cpp(3403,40): warning C4244: '=': 'double' から 'float' への変換です。データが失われる可能性があります。
C:\Users\K020G1204\Documents\GameGameGame\仮β(改)\Game\Scene\GamePlayScene.cpp(3405,40): warning C4244: '=': 'double' から 'float' への変換です。データが失われる可能性があります。
C:\Users\K020G1204\Documents\GameGameGame\仮β(改)\Game\Scene\GamePlayScene.cpp(3409,49): warning C4244: '-=': 'double' から 'float' への変換です。データが失われる可能性があります。
C:\Users\K020G1204\Documents\GameGameGame\仮β(改)\Game\Scene\GamePlayScene.cpp(3410,49): warning C4244: '-=': 'double' から 'float' への変換です。データが失われる可能性があります。
C:\Users\K020G1204\Documents\GameGameGame\仮β(改)\Game\Scene\GamePlayScene.cpp(3439,40): warning C4244: '=': 'double' から 'float' への変換です。データが失われる可能性があります。
C:\Users\K020G1204\Documents\GameGameGame\仮β(改)\Game\Scene\GamePlayScene.cpp(3441,40): warning C4244: '=': 'double' から 'float' への変換です。データが失われる可能性があります。
C:\Users\K020G1204\Documents\GameGameGame\仮β(改)\Game\Scene\GamePlayScene.cpp(3445,49): warning C4244: '-=': 'double' から 'float' への変換です。データが失われる可能性があります。
C:\Users\K020G1204\Documents\GameGameGame\仮β(改)\Game\Scene\GamePlayScene.cpp(3446,49): warning C4244: '-=': 'double' から 'float' への変換です。データが失われる可能性があります。
C:\Users\K020G1204\Documents\GameGameGame\仮β(改)\Game\Scene\GamePlayScene.cpp(3475,40): warning C4244: '=': 'double' から 'float' への変換です。データが失われる可能性があります。
C:\Users\K020G1204\Documents\GameGameGame\仮β(改)\Game\Scene\GamePlayScene.cpp(3477,40): warning C4244: '=': 'double' から 'float' への変換です。データが失われる可能性があります。
C:\Users\K020G1204\Documents\GameGameGame\仮β(改)\Game\Scene\GamePlayScene.cpp(3481,49): warning C4244: '-=': 'double' から 'float' への変換です。データが失われる可能性があります。
C:\Users\K020G1204\Documents\GameGameGame\仮β(改)\Game\Scene\GamePlayScene.cpp(3482,49): warning C4244: '-=': 'double' から 'float' への変換です。データが失われる可能性があります。
C:\Users\K020G1204\Documents\GameGameGame\仮β(改)\Game\Scene\GamePlayScene.cpp(3511,40): warning C4244: '=': 'double' から 'float' への変換です。データが失われる可能性があります。
C:\Users\K020G1204\Documents\GameGameGame\仮β(改)\Game\Scene\GamePlayScene.cpp(3513,40): warning C4244: '=': 'double' から 'float' への変換です。データが失われる可能性があります。
C:\Users\K020G1204\Documents\GameGameGame\仮β(改)\Game\Scene\GamePlayScene.cpp(3517,49): warning C4244: '-=': 'double' から 'float' への変換です。データが失われる可能性があります。
C:\Users\K020G1204\Documents\GameGameGame\仮β(改)\Game\Scene\GamePlayScene.cpp(3518,49): warning C4244: '-=': 'double' から 'float' への変換です。データが失われる可能性があります。
C:\Users\K020G1204\Documents\GameGameGame\仮β(改)\Game\Scene\GamePlayScene.cpp(3547,40): warning C4244: '=': 'double' から 'float' への変換です。データが失われる可能性があります。
C:\Users\K020G1204\Documents\GameGameGame\仮β(改)\Game\Scene\GamePlayScene.cpp(3549,40): warning C4244: '=': 'double' から 'float' への変換です。データが失われる可能性があります。
C:\Users\K020G1204\Documents\GameGameGame\仮β(改)\Game\Scene\GamePlayScene.cpp(3553,49): warning C4244: '-=': 'double' から 'float' への変換です。データが失われる可能性があります。
C:\Users\K020G1204\Documents\GameGameGame\仮β(改)\Game\Scene\GamePlayScene.cpp(3554,49): warning C4244: '-=': 'double' から 'float' への変換です。データが失われる可能性があります。
C:\Users\K020G1204\Documents\GameGameGame\仮β(改)\Game\Scene\GamePlayScene.cpp(3583,40): warning C4244: '=': 'double' から 'float' への変換です。データが失われる可能性があります。
C:\Users\K020G1204\Documents\GameGameGame\仮β(改)\Game\Scene\GamePlayScene.cpp(3585,40): warning C4244: '=': 'double' から 'float' への変換です。データが失われる可能性があります。
C:\Users\K020G1204\Documents\GameGameGame\仮β(改)\Game\Scene\GamePlayScene.cpp(3589,49): warning C4244: '-=': 'double' から 'float' への変換です。データが失われる可能性があります。
C:\Users\K020G1204\Documents\GameGameGame\仮β(改)\Game\Scene\GamePlayScene.cpp(3590,49): warning C4244: '-=': 'double' から 'float' への変換です。データが失われる可能性があります。
C:\Users\K020G1204\Documents\GameGameGame\仮β(改)\Game\Scene\GamePlayScene.cpp(3619,40): warning C4244: '=': 'double' から 'float' への変換です。データが失われる可能性があります。
C:\Users\K020G1204\Documents\GameGameGame\仮β(改)\Game\Scene\GamePlayScene.cpp(3621,40): warning C4244: '=': 'double' から 'float' への変換です。データが失われる可能性があります。
C:\Users\K020G1204\Documents\GameGameGame\仮β(改)\Game\Scene\GamePlayScene.cpp(3625,49): warning C4244: '-=': 'double' から 'float' への変換です。データが失われる可能性があります。
C:\Users\K020G1204\Documents\GameGameGame\仮β(改)\Game\Scene\GamePlayScene.cpp(3626,49): warning C4244: '-=': 'double' から 'float' への変換です。データが失われる可能性があります。
C:\Users\K020G1204\Documents\GameGameGame\仮β(改)\Game\Scene\GamePlayScene.cpp(3655,40): warning C4244: '=': 'double' から 'float' への変換です。データが失われる可能性があります。
C:\Users\K020G1204\Documents\GameGameGame\仮β(改)\Game\Scene\GamePlayScene.cpp(3657,40): warning C4244: '=': 'double' から 'float' への変換です。データが失われる可能性があります。
C:\Users\K020G1204\Documents\GameGameGame\仮β(改)\Game\Scene\GamePlayScene.cpp(3661,49): warning C4244: '-=': 'double' から 'float' への変換です。データが失われる可能性があります。
C:\Users\K020G1204\Documents\GameGameGame\仮β(改)\Game\Scene\GamePlayScene.cpp(3662,49): warning C4244: '-=': 'double' から 'float' への変換です。データが失われる可能性があります。
C:\Users\K020G1204\Documents\GameGameGame\仮β(改)\Game\Scene\GamePlayScene.cpp(3691,40): warning C4244: '=': 'double' から 'float' への変換です。データが失われる可能性があります。
C:\Users\K020G1204\Documents\GameGameGame\仮β(改)\Game\Scene\GamePlayScene.cpp(3693,40): warning C4244: '=': 'double' から 'float' への変換です。データが失われる可能性があります。
C:\Users\K020G1204\Documents\GameGameGame\仮β(改)\Game\Scene\GamePlayScene.cpp(3697,49): warning C4244: '-=': 'double' から 'float' への変換です。データが失われる可能性があります。
C:\Users\K020G1204\Documents\GameGameGame\仮β(改)\Game\Scene\GamePlayScene.cpp(3698,49): warning C4244: '-=': 'double' から 'float' への変換です。データが失われる可能性があります。
C:\Users\K020G1204\Documents\GameGameGame\仮β(改)\Game\Scene\GamePlayScene.cpp(3727,40): warning C4244: '=': 'double' から 'float' への変換です。データが失われる可能性があります。
C:\Users\K020G1204\Documents\GameGameGame\仮β(改)\Game\Scene\GamePlayScene.cpp(3729,40): warning C4244: '=': 'double' から 'float' への変換です。データが失われる可能性があります。
C:\Users\K020G1204\Documents\GameGameGame\仮β(改)\Game\Scene\GamePlayScene.cpp(3733,49): warning C4244: '-=': 'double' から 'float' への変換です。データが失われる可能性があります。
C:\Users\K020G1204\Documents\GameGameGame\仮β(改)\Game\Scene\GamePlayScene.cpp(3734,49): warning C4244: '-=': 'double' から 'float' への変換です。データが失われる可能性があります。
C:\Users\K020G1204\Documents\GameGameGame\仮β(改)\Game\Scene\GamePlayScene.cpp(3763,40): warning C4244: '=': 'double' から 'float' への変換です。データが失われる可能性があります。
C:\Users\K020G1204\Documents\GameGameGame\仮β(改)\Game\Scene\GamePlayScene.cpp(3765,40): warning C4244: '=': 'double' から 'float' への変換です。データが失われる可能性があります。
C:\Users\K020G1204\Documents\GameGameGame\仮β(改)\Game\Scene\GamePlayScene.cpp(3769,49): warning C4244: '-=': 'double' から 'float' への変換です。データが失われる可能性があります。
C:\Users\K020G1204\Documents\GameGameGame\仮β(改)\Game\Scene\GamePlayScene.cpp(3770,49): warning C4244: '-=': 'double' から 'float' への変換です。データが失われる可能性があります。
C:\Users\K020G1204\Documents\GameGameGame\仮β(改)\Game\Scene\GamePlayScene.cpp(3799,40): warning C4244: '=': 'double' から 'float' への変換です。データが失われる可能性があります。
C:\Users\K020G1204\Documents\GameGameGame\仮β(改)\Game\Scene\GamePlayScene.cpp(3801,40): warning C4244: '=': 'double' から 'float' への変換です。データが失われる可能性があります。
C:\Users\K020G1204\Documents\GameGameGame\仮β(改)\Game\Scene\GamePlayScene.cpp(3805,49): warning C4244: '-=': 'double' から 'float' への変換です。データが失われる可能性があります。
C:\Users\K020G1204\Documents\GameGameGame\仮β(改)\Game\Scene\GamePlayScene.cpp(3806,49): warning C4244: '-=': 'double' から 'float' への変換です。データが失われる可能性があります。
C:\Users\K020G1204\Documents\GameGameGame\仮β(改)\Game\Scene\GamePlayScene.cpp(3835,40): warning C4244: '=': 'double' から 'float' への変換です。データが失われる可能性があります。
C:\Users\K020G1204\Documents\GameGameGame\仮β(改)\Game\Scene\GamePlayScene.cpp(3837,40): warning C4244: '=': 'double' から 'float' への変換です。データが失われる可能性があります。
C:\Users\K020G1204\Documents\GameGameGame\仮β(改)\Game\Scene\GamePlayScene.cpp(3841,49): warning C4244: '-=': 'double' から 'float' への変換です。データが失われる可能性があります。
C:\Users\K020G1204\Documents\GameGameGame\仮β(改)\Game\Scene\GamePlayScene.cpp(3842,49): warning C4244: '-=': 'double' から 'float' への変換です。データが失われる可能性があります。
C:\Users\K020G1204\Documents\GameGameGame\仮β(改)\Game\Scene\GamePlayScene.cpp(3871,40): warning C4244: '=': 'double' から 'float' への変換です。データが失われる可能性があります。
C:\Users\K020G1204\Documents\GameGameGame\仮β(改)\Game\Scene\GamePlayScene.cpp(3873,40): warning C4244: '=': 'double' から 'float' への変換です。データが失われる可能性があります。
C:\Users\K020G1204\Documents\GameGameGame\仮β(改)\Game\Scene\GamePlayScene.cpp(3877,49): warning C4244: '-=': 'double' から 'float' への変換です。データが失われる可能性があります。
C:\Users\K020G1204\Documents\GameGameGame\仮β(改)\Game\Scene\GamePlayScene.cpp(3878,49): warning C4244: '-=': 'double' から 'float' への変換です。データが失われる可能性があります。
C:\Users\K020G1204\Documents\GameGameGame\仮β(改)\Game\Scene\GamePlayScene.cpp(3907,40): warning C4244: '=': 'double' から 'float' への変換です。データが失われる可能性があります。
C:\Users\K020G1204\Documents\GameGameGame\仮β(改)\Game\Scene\GamePlayScene.cpp(3909,40): warning C4244: '=': 'double' から 'float' への変換です。データが失われる可能性があります。
C:\Users\K020G1204\Documents\GameGameGame\仮β(改)\Game\Scene\GamePlayScene.cpp(3913,49): warning C4244: '-=': 'double' から 'float' への変換です。データが失われる可能性があります。
C:\Users\K020G1204\Documents\GameGameGame\仮β(改)\Game\Scene\GamePlayScene.cpp(3914,49): warning C4244: '-=': 'double' から 'float' への変換です。データが失われる可能性があります。
C:\Users\K020G1204\Documents\GameGameGame\仮β(改)\Game\Scene\GamePlayScene.cpp(3943,40): warning C4244: '=': 'double' から 'float' への変換です。データが失われる可能性があります。
C:\Users\K020G1204\Documents\GameGameGame\仮β(改)\Game\Scene\GamePlayScene.cpp(3945,40): warning C4244: '=': 'double' から 'float' への変換です。データが失われる可能性があります。
C:\Users\K020G1204\Documents\GameGameGame\仮β(改)\Game\Scene\GamePlayScene.cpp(3949,49): warning C4244: '-=': 'double' から 'float' への変換です。データが失われる可能性があります。
C:\Users\K020G1204\Documents\GameGameGame\仮β(改)\Game\Scene\GamePlayScene.cpp(3950,49): warning C4244: '-=': 'double' から 'float' への変換です。データが失われる可能性があります。
C:\Users\K020G1204\Documents\GameGameGame\仮β(改)\Game\Scene\GamePlayScene.cpp(3979,40): warning C4244: '=': 'double' から 'float' への変換です。データが失われる可能性があります。
C:\Users\K020G1204\Documents\GameGameGame\仮β(改)\Game\Scene\GamePlayScene.cpp(3981,40): warning C4244: '=': 'double' から 'float' への変換です。データが失われる可能性があります。
C:\Users\K020G1204\Documents\GameGameGame\仮β(改)\Game\Scene\GamePlayScene.cpp(3985,49): warning C4244: '-=': 'double' から 'float' への変換です。データが失われる可能性があります。
C:\Users\K020G1204\Documents\GameGameGame\仮β(改)\Game\Scene\GamePlayScene.cpp(3986,49): warning C4244: '-=': 'double' から 'float' への変換です。データが失われる可能性があります。
C:\Users\K020G1204\Documents\GameGameGame\仮β(改)\Game\Scene\GamePlayScene.cpp(4015,40): warning C4244: '=': 'double' から 'float' への変換です。データが失われる可能性があります。
C:\Users\K020G1204\Documents\GameGameGame\仮β(改)\Game\Scene\GamePlayScene.cpp(4017,40): warning C4244: '=': 'double' から 'float' への変換です。データが失われる可能性があります。
C:\Users\K020G1204\Documents\GameGameGame\仮β(改)\Game\Scene\GamePlayScene.cpp(4021,49): warning C4244: '-=': 'double' から 'float' への変換です。データが失われる可能性があります。
C:\Users\K020G1204\Documents\GameGameGame\仮β(改)\Game\Scene\GamePlayScene.cpp(4022,49): warning C4244: '-=': 'double' から 'float' への変換です。データが失われる可能性があります。
C:\Users\K020G1204\Documents\GameGameGame\仮β(改)\Game\Scene\GamePlayScene.cpp(4051,40): warning C4244: '=': 'double' から 'float' への変換です。データが失われる可能性があります。
C:\Users\K020G1204\Documents\GameGameGame\仮β(改)\Game\Scene\GamePlayScene.cpp(4053,40): warning C4244: '=': 'double' から 'float' への変換です。データが失われる可能性があります。
C:\Users\K020G1204\Documents\GameGameGame\仮β(改)\Game\Scene\GamePlayScene.cpp(4057,49): warning C4244: '-=': 'double' から 'float' への変換です。データが失われる可能性があります。
C:\Users\K020G1204\Documents\GameGameGame\仮β(改)\Game\Scene\GamePlayScene.cpp(4058,49): warning C4244: '-=': 'double' から 'float' への変換です。データが失われる可能性があります。
C:\Users\K020G1204\Documents\GameGameGame\仮β(改)\Game\Scene\GamePlayScene.cpp(4087,40): warning C4244: '=': 'double' から 'float' への変換です。データが失われる可能性があります。
C:\Users\K020G1204\Documents\GameGameGame\仮β(改)\Game\Scene\GamePlayScene.cpp(4089,40): warning C4244: '=': 'double' から 'float' への変換です。データが失われる可能性があります。
C:\Users\K020G1204\Documents\GameGameGame\仮β(改)\Game\Scene\GamePlayScene.cpp(4093,49): warning C4244: '-=': 'double' から 'float' への変換です。データが失われる可能性があります。
C:\Users\K020G1204\Documents\GameGameGame\仮β(改)\Game\Scene\GamePlayScene.cpp(4094,49): warning C4244: '-=': 'double' から 'float' への変換です。データが失われる可能性があります。
C:\Users\K020G1204\Documents\GameGameGame\仮β(改)\Game\Scene\GamePlayScene.cpp(4123,40): warning C4244: '=': 'double' から 'float' への変換です。データが失われる可能性があります。
C:\Users\K020G1204\Documents\GameGameGame\仮β(改)\Game\Scene\GamePlayScene.cpp(4125,40): warning C4244: '=': 'double' から 'float' への変換です。データが失われる可能性があります。
C:\Users\K020G1204\Documents\GameGameGame\仮β(改)\Game\Scene\GamePlayScene.cpp(4129,49): warning C4244: '-=': 'double' から 'float' への変換です。データが失われる可能性があります。
C:\Users\K020G1204\Documents\GameGameGame\仮β(改)\Game\Scene\GamePlayScene.cpp(4130,49): warning C4244: '-=': 'double' から 'float' への変換です。データが失われる可能性があります。
C:\Users\K020G1204\Documents\GameGameGame\仮β(改)\Game\Scene\GamePlayScene.cpp(4159,40): warning C4244: '=': 'double' から 'float' への変換です。データが失われる可能性があります。
C:\Users\K020G1204\Documents\GameGameGame\仮β(改)\Game\Scene\GamePlayScene.cpp(4161,40): warning C4244: '=': 'double' から 'float' への変換です。データが失われる可能性があります。
C:\Users\K020G1204\Documents\GameGameGame\仮β(改)\Game\Scene\GamePlayScene.cpp(4165,49): warning C4244: '-=': 'double' から 'float' への変換です。データが失われる可能性があります。
C:\Users\K020G1204\Documents\GameGameGame\仮β(改)\Game\Scene\GamePlayScene.cpp(4166,49): warning C4244: '-=': 'double' から 'float' への変換です。データが失われる可能性があります。
C:\Users\K020G1204\Documents\GameGameGame\仮β(改)\Game\Scene\GamePlayScene.cpp(4195,40): warning C4244: '=': 'double' から 'float' への変換です。データが失われる可能性があります。
C:\Users\K020G1204\Documents\GameGameGame\仮β(改)\Game\Scene\GamePlayScene.cpp(4197,40): warning C4244: '=': 'double' から 'float' への変換です。データが失われる可能性があります。
C:\Users\K020G1204\Documents\GameGameGame\仮β(改)\Game\Scene\GamePlayScene.cpp(4201,49): warning C4244: '-=': 'double' から 'float' への変換です。データが失われる可能性があります。
C:\Users\K020G1204\Documents\GameGameGame\仮β(改)\Game\Scene\GamePlayScene.cpp(4202,49): warning C4244: '-=': 'double' から 'float' への変換です。データが失われる可能性があります。
C:\Users\K020G1204\Documents\GameGameGame\仮β(改)\Game\Scene\GamePlayScene.cpp(4231,40): warning C4244: '=': 'double' から 'float' への変換です。データが失われる可能性があります。
C:\Users\K020G1204\Documents\GameGameGame\仮β(改)\Game\Scene\GamePlayScene.cpp(4233,40): warning C4244: '=': 'double' から 'float' への変換です。データが失われる可能性があります。
C:\Users\K020G1204\Documents\GameGameGame\仮β(改)\Game\Scene\GamePlayScene.cpp(4237,49): warning C4244: '-=': 'double' から 'float' への変換です。データが失われる可能性があります。
C:\Users\K020G1204\Documents\GameGameGame\仮β(改)\Game\Scene\GamePlayScene.cpp(4238,49): warning C4244: '-=': 'double' から 'float' への変換です。データが失われる可能性があります。
C:\Users\K020G1204\Documents\GameGameGame\仮β(改)\Game\Scene\GamePlayScene.cpp(4267,40): warning C4244: '=': 'double' から 'float' への変換です。データが失われる可能性があります。
C:\Users\K020G1204\Documents\GameGameGame\仮β(改)\Game\Scene\GamePlayScene.cpp(4269,40): warning C4244: '=': 'double' から 'float' への変換です。データが失われる可能性があります。
C:\Users\K020G1204\Documents\GameGameGame\仮β(改)\Game\Scene\GamePlayScene.cpp(4273,49): warning C4244: '-=': 'double' から 'float' への変換です。データが失われる可能性があります。
C:\Users\K020G1204\Documents\GameGameGame\仮β(改)\Game\Scene\GamePlayScene.cpp(4274,49): warning C4244: '-=': 'double' から 'float' への変換です。データが失われる可能性があります。
C:\Users\K020G1204\Documents\GameGameGame\仮β(改)\Game\Scene\GamePlayScene.cpp(4303,40): warning C4244: '=': 'double' から 'float' への変換です。データが失われる可能性があります。
C:\Users\K020G1204\Documents\GameGameGame\仮β(改)\Game\Scene\GamePlayScene.cpp(4305,40): warning C4244: '=': 'double' から 'float' への変換です。データが失われる可能性があります。
C:\Users\K020G1204\Documents\GameGameGame\仮β(改)\Game\Scene\GamePlayScene.cpp(4309,49): warning C4244: '-=': 'double' から 'float' への変換です。データが失われる可能性があります。
C:\Users\K020G1204\Documents\GameGameGame\仮β(改)\Game\Scene\GamePlayScene.cpp(4310,49): warning C4244: '-=': 'double' から 'float' への変換です。データが失われる可能性があります。
C:\Users\K020G1204\Documents\GameGameGame\仮β(改)\Game\Scene\GamePlayScene.cpp(4339,40): warning C4244: '=': 'double' から 'float' への変換です。データが失われる可能性があります。
C:\Users\K020G1204\Documents\GameGameGame\仮β(改)\Game\Scene\GamePlayScene.cpp(4341,40): warning C4244: '=': 'double' から 'float' への変換です。データが失われる可能性があります。
C:\Users\K020G1204\Documents\GameGameGame\仮β(改)\Game\Scene\GamePlayScene.cpp(4345,49): warning C4244: '-=': 'double' から 'float' への変換です。データが失われる可能性があります。
C:\Users\K020G1204\Documents\GameGameGame\仮β(改)\Game\Scene\GamePlayScene.cpp(4346,49): warning C4244: '-=': 'double' から 'float' への変換です。データが失われる可能性があります。
C:\Users\K020G1204\Documents\GameGameGame\仮β(改)\Game\Scene\GamePlayScene.cpp(4375,40): warning C4244: '=': 'double' から 'float' への変換です。データが失われる可能性があります。
C:\Users\K020G1204\Documents\GameGameGame\仮β(改)\Game\Scene\GamePlayScene.cpp(4377,40): warning C4244: '=': 'double' から 'float' への変換です。データが失われる可能性があります。
C:\Users\K020G1204\Documents\GameGameGame\仮β(改)\Game\Scene\GamePlayScene.cpp(4381,49): warning C4244: '-=': 'double' から 'float' への変換です。データが失われる可能性があります。
C:\Users\K020G1204\Documents\GameGameGame\仮β(改)\Game\Scene\GamePlayScene.cpp(4382,49): warning C4244: '-=': 'double' から 'float' への変換です。データが失われる可能性があります。
C:\Users\K020G1204\Documents\GameGameGame\仮β(改)\Game\Scene\GamePlayScene.cpp(4411,40): warning C4244: '=': 'double' から 'float' への変換です。データが失われる可能性があります。
C:\Users\K020G1204\Documents\GameGameGame\仮β(改)\Game\Scene\GamePlayScene.cpp(4413,40): warning C4244: '=': 'double' から 'float' への変換です。データが失われる可能性があります。
C:\Users\K020G1204\Documents\GameGameGame\仮β(改)\Game\Scene\GamePlayScene.cpp(4417,49): warning C4244: '-=': 'double' から 'float' への変換です。データが失われる可能性があります。
C:\Users\K020G1204\Documents\GameGameGame\仮β(改)\Game\Scene\GamePlayScene.cpp(4418,49): warning C4244: '-=': 'double' から 'float' への変換です。データが失われる可能性があります。
C:\Users\K020G1204\Documents\GameGameGame\仮β(改)\Game\Scene\GamePlayScene.cpp(4447,40): warning C4244: '=': 'double' から 'float' への変換です。データが失われる可能性があります。
C:\Users\K020G1204\Documents\GameGameGame\仮β(改)\Game\Scene\GamePlayScene.cpp(4449,40): warning C4244: '=': 'double' から 'float' への変換です。データが失われる可能性があります。
C:\Users\K020G1204\Documents\GameGameGame\仮β(改)\Game\Scene\GamePlayScene.cpp(4453,49): warning C4244: '-=': 'double' から 'float' への変換です。データが失われる可能性があります。
C:\Users\K020G1204\Documents\GameGameGame\仮β(改)\Game\Scene\GamePlayScene.cpp(4454,49): warning C4244: '-=': 'double' から 'float' への変換です。データが失われる可能性があります。
C:\Users\K020G1204\Documents\GameGameGame\仮β(改)\Game\Scene\GamePlayScene.cpp(4483,40): warning C4244: '=': 'double' から 'float' への変換です。データが失われる可能性があります。
C:\Users\K020G1204\Documents\GameGameGame\仮β(改)\Game\Scene\GamePlayScene.cpp(4485,40): warning C4244: '=': 'double' から 'float' への変換です。データが失われる可能性があります。
C:\Users\K020G1204\Documents\GameGameGame\仮β(改)\Game\Scene\GamePlayScene.cpp(4489,49): warning C4244: '-=': 'double' から 'float' への変換です。データが失われる可能性があります。
C:\Users\K020G1204\Documents\GameGameGame\仮β(改)\Game\Scene\GamePlayScene.cpp(4490,49): warning C4244: '-=': 'double' から 'float' への変換です。データが失われる可能性があります。
C:\Users\K020G1204\Documents\GameGameGame\仮β(改)\Game\Scene\GamePlayScene.cpp(4519,40): warning C4244: '=': 'double' から 'float' への変換です。データが失われる可能性があります。
C:\Users\K020G1204\Documents\GameGameGame\仮β(改)\Game\Scene\GamePlayScene.cpp(4521,40): warning C4244: '=': 'double' から 'float' への変換です。データが失われる可能性があります。
C:\Users\K020G1204\Documents\GameGameGame\仮β(改)\Game\Scene\GamePlayScene.cpp(4525,49): warning C4244: '-=': 'double' から 'float' への変換です。データが失われる可能性があります。
C:\Users\K020G1204\Documents\GameGameGame\仮β(改)\Game\Scene\GamePlayScene.cpp(4526,49): warning C4244: '-=': 'double' から 'float' への変換です。データが失われる可能性があります。
C:\Users\K020G1204\Documents\GameGameGame\仮β(改)\Game\Scene\GamePlayScene.cpp(4555,40): warning C4244: '=': 'double' から 'float' への変換です。データが失われる可能性があります。
C:\Users\K020G1204\Documents\GameGameGame\仮β(改)\Game\Scene\GamePlayScene.cpp(4557,40): warning C4244: '=': 'double' から 'float' への変換です。データが失われる可能性があります。
C:\Users\K020G1204\Documents\GameGameGame\仮β(改)\Game\Scene\GamePlayScene.cpp(4561,49): warning C4244: '-=': 'double' から 'float' への変換です。データが失われる可能性があります。
C:\Users\K020G1204\Documents\GameGameGame\仮β(改)\Game\Scene\GamePlayScene.cpp(4562,49): warning C4244: '-=': 'double' から 'float' への変換です。データが失われる可能性があります。
C:\Users\K020G1204\Documents\GameGameGame\仮β(改)\Game\Scene\GamePlayScene.cpp(4591,40): warning C4244: '=': 'double' から 'float' への変換です。データが失われる可能性があります。
C:\Users\K020G1204\Documents\GameGameGame\仮β(改)\Game\Scene\GamePlayScene.cpp(4593,40): warning C4244: '=': 'double' から 'float' への変換です。データが失われる可能性があります。
C:\Users\K020G1204\Documents\GameGameGame\仮β(改)\Game\Scene\GamePlayScene.cpp(4597,49): warning C4244: '-=': 'double' から 'float' への変換です。データが失われる可能性があります。
C:\Users\K020G1204\Documents\GameGameGame\仮β(改)\Game\Scene\GamePlayScene.cpp(4598,49): warning C4244: '-=': 'double' から 'float' への変換です。データが失われる可能性があります。
  DirectXGame.vcxproj -> C:\Users\K020G1204\Documents\GameGameGame\仮β(改)\x64\Debug\DirectXGame.exe
